{"C:\\Users\\Administrator.PC-201511041456\\node_study\\lesson6\\app.js":{"path":"C:\\Users\\Administrator.PC-201511041456\\node_study\\lesson6\\app.js","s":{"1":1,"2":184,"3":36,"4":148,"5":56,"6":92,"7":2,"8":90,"9":88,"10":2,"11":1},"b":{"1":[36,148],"2":[56,92],"3":[2,90],"4":[88,2],"5":[90,89]},"f":{"1":184},"fnMap":{"1":{"name":"fibonacci","line":1,"loc":{"start":{"line":1,"column":0},"end":{"line":1,"column":21}}}},"statementMap":{"1":{"start":{"line":1,"column":0},"end":{"line":19,"column":1}},"2":{"start":{"line":2,"column":2},"end":{"line":4,"column":3}},"3":{"start":{"line":3,"column":4},"end":{"line":3,"column":12}},"4":{"start":{"line":5,"column":2},"end":{"line":7,"column":3}},"5":{"start":{"line":6,"column":4},"end":{"line":6,"column":12}},"6":{"start":{"line":9,"column":2},"end":{"line":11,"column":3}},"7":{"start":{"line":10,"column":6},"end":{"line":10,"column":49}},"8":{"start":{"line":12,"column":2},"end":{"line":18,"column":3}},"9":{"start":{"line":14,"column":4},"end":{"line":14,"column":44}},"10":{"start":{"line":17,"column":4},"end":{"line":17,"column":48}},"11":{"start":{"line":20,"column":0},"end":{"line":20,"column":24}}},"branchMap":{"1":{"line":2,"type":"if","locations":[{"start":{"line":2,"column":2},"end":{"line":2,"column":2}},{"start":{"line":2,"column":2},"end":{"line":2,"column":2}}]},"2":{"line":5,"type":"if","locations":[{"start":{"line":5,"column":2},"end":{"line":5,"column":2}},{"start":{"line":5,"column":2},"end":{"line":5,"column":2}}]},"3":{"line":9,"type":"if","locations":[{"start":{"line":9,"column":2},"end":{"line":9,"column":2}},{"start":{"line":9,"column":2},"end":{"line":9,"column":2}}]},"4":{"line":12,"type":"if","locations":[{"start":{"line":12,"column":2},"end":{"line":12,"column":2}},{"start":{"line":12,"column":2},"end":{"line":12,"column":2}}]},"5":{"line":12,"type":"binary-expr","locations":[{"start":{"line":12,"column":6},"end":{"line":12,"column":11}},{"start":{"line":12,"column":15},"end":{"line":12,"column":19}}]}}}}